<?xml version="1.0" encoding="UTF-8"?>
<!-- Generated by org.testng.reporters.JUnitXMLReporter -->
<testsuite ignored="0" hostname="HASSEN-HP" failures="2" tests="3" name="parameters" time="0.056" errors="0" timestamp="2021-02-09T13:17:22 EST">
  <testcase classname="testNG.TestNG_parameters" name="@BeforeSuite beforeSuite" time="-1.612894642066E9">
    <failure type="org.testng.TestNGException" message="
Parameter &amp;apos;before_suite&amp;apos; is required by BeforeSuite on method beforeSuite but has not been marked @Optional or defined
in C:\Users\HASSEN\workspace\basicselenium\resources\testng_parameters.xml">
      <![CDATA[org.testng.TestNGException: 
Parameter 'before_suite' is required by BeforeSuite on method beforeSuite but has not been marked @Optional or defined
in C:\Users\HASSEN\workspace\basicselenium\resources\testng_parameters.xml
... Removed 16 stack frames]]>
    </failure>
  </testcase> <!-- @BeforeSuite beforeSuite -->
  <testcase classname="testNG.TestNG_parameters" name="invokeBrowser" time="0.0">
    <skipped/>
  </testcase> <!-- invokeBrowser -->
  <testcase classname="testNG.TestNG_parameters" name="multipleParameterTest" time="0.0">
    <failure type="org.testng.TestNGException" message="
Parameter &amp;apos;id&amp;apos; is required by @Test on method multipleParameterTest but has not been marked @Optional or defined
in C:\Users\HASSEN\workspace\basicselenium\resources\testng_parameters.xml">
      <![CDATA[org.testng.TestNGException: 
Parameter 'id' is required by @Test on method multipleParameterTest but has not been marked @Optional or defined
in C:\Users\HASSEN\workspace\basicselenium\resources\testng_parameters.xml
at java.base/java.util.ArrayList.forEach(ArrayList.java:1540)
... Removed 26 stack frames]]>
    </failure>
  </testcase> <!-- multipleParameterTest -->
  <testcase classname="testNG.TestNG_parameters" name="singleParameterTest" time="0.0">
    <failure type="org.testng.TestNGException" message="
Parameter &amp;apos;arguments&amp;apos; is required by @Test on method singleParameterTest but has not been marked @Optional or defined
in C:\Users\HASSEN\workspace\basicselenium\resources\testng_parameters.xml">
      <![CDATA[org.testng.TestNGException: 
Parameter 'arguments' is required by @Test on method singleParameterTest but has not been marked @Optional or defined
in C:\Users\HASSEN\workspace\basicselenium\resources\testng_parameters.xml
at java.base/java.util.ArrayList.forEach(ArrayList.java:1540)
... Removed 26 stack frames]]>
    </failure>
  </testcase> <!-- singleParameterTest -->
</testsuite> <!-- parameters -->
